<?xml version="1.0" encoding="UTF-8"?>
<!-- Generated by org.testng.reporters.JUnitReportReporter -->
<testsuite skipped="0" hostname="sameena-pc" name="com.crm.qa.testcases.LoginPageTest" tests="3" failures="0" timestamp="03 Aug 2019 22:16:08 GMT" time="60.029" errors="0">
  <testcase name="logInPageTitleTest" time="8.946" classname="com.crm.qa.testcases.LoginPageTest"/>
  <testcase name="logInPageLoginEnabled" time="10.164" classname="com.crm.qa.testcases.LoginPageTest"/>
  <testcase name="logInPageLogin" time="40.919" classname="com.crm.qa.testcases.LoginPageTest"/>
</testsuite> <!-- com.crm.qa.testcases.LoginPageTest -->
