<?xml version="1.0" encoding="UTF-8"?>
<!-- Generated by org.testng.reporters.JUnitReportReporter -->
<testsuite skipped="0" hostname="sameena-pc" name="com.crm.qa.testcases.LoginPageTest" tests="3" failures="0" timestamp="04 Aug 2019 12:42:02 GMT" time="35.012" errors="0">
  <testcase name="logInPageTitleTest" time="10.836" classname="com.crm.qa.testcases.LoginPageTest"/>
  <testcase name="logInPageLoginEnabled" time="7.647" classname="com.crm.qa.testcases.LoginPageTest"/>
  <testcase name="logInPageLogin" time="16.529" classname="com.crm.qa.testcases.LoginPageTest"/>
</testsuite> <!-- com.crm.qa.testcases.LoginPageTest -->
